This file contains any messages produced by compilers while
running configure, to aid debugging if configure makes a mistake.

It was created by blitz configure 0.10, which was
generated by GNU Autoconf 2.68.  Invocation command line was

  $ ./configure 

## --------- ##
## Platform. ##
## --------- ##

hostname = arash-Q504UA
uname -m = x86_64
uname -r = 4.4.0-138-generic
uname -s = Linux
uname -v = #164-Ubuntu SMP Tue Oct 2 17:16:02 UTC 2018

/usr/bin/uname -p = unknown
/bin/uname -X     = unknown

/bin/arch              = unknown
/usr/bin/arch -k       = unknown
/usr/convex/getsysinfo = unknown
/usr/bin/hostinfo      = unknown
/bin/machine           = unknown
/usr/bin/oslevel       = unknown
/bin/universe          = unknown

PATH: /home/arash/bin
PATH: /home/arash/.local/bin
PATH: /opt/OpenPrinting-Gutenprint/sbin
PATH: /opt/OpenPrinting-Gutenprint/bin
PATH: /usr/local/sbin
PATH: /usr/local/bin
PATH: /usr/sbin
PATH: /usr/bin
PATH: /sbin
PATH: /bin
PATH: /usr/games
PATH: /usr/local/games
PATH: /snap/bin
PATH: /usr/lib/jvm/java-11-oracle/bin
PATH: /usr/lib/jvm/java-11-oracle/db/bin
PATH: /home/arash/pycharm-community-2018.2.4/bin


## ----------- ##
## Core tests. ##
## ----------- ##

configure:2734: checking build system type
configure:2748: result: x86_64-unknown-linux-gnu
configure:2768: checking host system type
configure:2781: result: x86_64-unknown-linux-gnu
configure:2801: checking target system type
configure:2814: result: x86_64-unknown-linux-gnu
configure:2857: checking for a BSD-compatible install
configure:2925: result: /usr/bin/install -c
configure:2936: checking whether build environment is sane
configure:2986: result: yes
configure:3127: checking for a thread-safe mkdir -p
configure:3166: result: /bin/mkdir -p
configure:3179: checking for gawk
configure:3195: found /usr/bin/gawk
configure:3206: result: gawk
configure:3217: checking whether make sets $(MAKE)
configure:3239: result: yes
configure:3324: checking whether to enable maintainer-specific portions of Makefiles
configure:3333: result: no
configure:3356:

Configuring blitz 0.10 for x86_64-unknown-linux-gnu


configure:3422: checking for xlc++
configure:3452: result: no
configure:3422: checking for xlC
configure:3452: result: no
configure:3422: checking for icpc
configure:3452: result: no
configure:3422: checking for pathCC
configure:3452: result: no
configure:3422: checking for pgCC
configure:3452: result: no
configure:3422: checking for cxx
configure:3452: result: no
configure:3422: checking for aCC
configure:3452: result: no
configure:3422: checking for c++
configure:3438: found /usr/bin/c++
configure:3449: result: c++
configure:3476: checking for C++ compiler version
configure:3485: c++ --version >&5
c++ (Ubuntu 5.4.0-6ubuntu1~16.04.10) 5.4.0 20160609
Copyright (C) 2015 Free Software Foundation, Inc.
This is free software; see the source for copying conditions.  There is NO
warranty; not even for MERCHANTABILITY or FITNESS FOR A PARTICULAR PURPOSE.

configure:3496: $? = 0
configure:3485: c++ -v >&5
Using built-in specs.
COLLECT_GCC=c++
COLLECT_LTO_WRAPPER=/usr/lib/gcc/x86_64-linux-gnu/5/lto-wrapper
Target: x86_64-linux-gnu
Configured with: ../src/configure -v --with-pkgversion='Ubuntu 5.4.0-6ubuntu1~16.04.10' --with-bugurl=file:///usr/share/doc/gcc-5/README.Bugs --enable-languages=c,ada,c++,java,go,d,fortran,objc,obj-c++ --prefix=/usr --program-suffix=-5 --enable-shared --enable-linker-build-id --libexecdir=/usr/lib --without-included-gettext --enable-threads=posix --libdir=/usr/lib --enable-nls --with-sysroot=/ --enable-clocale=gnu --enable-libstdcxx-debug --enable-libstdcxx-time=yes --with-default-libstdcxx-abi=new --enable-gnu-unique-object --disable-vtable-verify --enable-libmpx --enable-plugin --with-system-zlib --disable-browser-plugin --enable-java-awt=gtk --enable-gtk-cairo --with-java-home=/usr/lib/jvm/java-1.5.0-gcj-5-amd64/jre --enable-java-home --with-jvm-root-dir=/usr/lib/jvm/java-1.5.0-gcj-5-amd64 --with-jvm-jar-dir=/usr/lib/jvm-exports/java-1.5.0-gcj-5-amd64 --with-arch-directory=amd64 --with-ecj-jar=/usr/share/java/eclipse-ecj.jar --enable-objc-gc --enable-multiarch --disable-werror --with-arch-32=i686 --with-abi=m64 --with-multilib-list=m32,m64,mx32 --enable-multilib --with-tune=generic --enable-checking=release --build=x86_64-linux-gnu --host=x86_64-linux-gnu --target=x86_64-linux-gnu
Thread model: posix
gcc version 5.4.0 20160609 (Ubuntu 5.4.0-6ubuntu1~16.04.10) 
configure:3496: $? = 0
configure:3485: c++ -V >&5
c++: error: unrecognized command line option '-V'
c++: fatal error: no input files
compilation terminated.
configure:3496: $? = 1
configure:3485: c++ -qversion >&5
c++: error: unrecognized command line option '-qversion'
c++: fatal error: no input files
compilation terminated.
configure:3496: $? = 1
configure:3516: checking whether the C++ compiler works
configure:3538: c++    conftest.cpp  >&5
configure:3542: $? = 0
configure:3590: result: yes
configure:3593: checking for C++ compiler default output file name
configure:3595: result: a.out
configure:3601: checking for suffix of executables
configure:3608: c++ -o conftest    conftest.cpp  >&5
configure:3612: $? = 0
configure:3634: result: 
configure:3656: checking whether we are cross compiling
configure:3664: c++ -o conftest    conftest.cpp  >&5
configure:3668: $? = 0
configure:3675: ./conftest
configure:3679: $? = 0
configure:3694: result: no
configure:3699: checking for suffix of object files
configure:3721: c++ -c   conftest.cpp >&5
configure:3725: $? = 0
configure:3746: result: o
configure:3750: checking whether we are using the GNU C++ compiler
configure:3769: c++ -c   conftest.cpp >&5
configure:3769: $? = 0
configure:3778: result: yes
configure:3787: checking whether c++ accepts -g
configure:3807: c++ -c -g  conftest.cpp >&5
configure:3807: $? = 0
configure:3848: result: yes
configure:3882: checking for style of include used by make
configure:3910: result: GNU
configure:3935: checking dependency style of c++
configure:4045: result: gcc3
configure:4082: checking whether using c++ preset flags
configure:4219: result: yes
configure:4228: Setting compiler flags for GNU c++ (wahoo!)
configure:4243: checking whether to enable Fortran compilation for benchmark codes
configure:4253: result: yes
configure:4319: checking for xlf
configure:4349: result: no
configure:4319: checking for ifort
configure:4349: result: no
configure:4319: checking for pathf90
configure:4349: result: no
configure:4319: checking for pgf77
configure:4349: result: no
configure:4319: checking for ftn
configure:4349: result: no
configure:4319: checking for frt
configure:4349: result: no
configure:4319: checking for gfortran
configure:4349: result: no
configure:4319: checking for f77
configure:4349: result: no
configure:4319: checking for g77
configure:4349: result: no
configure:4319: checking for g95
configure:4349: result: no
configure:4372: checking for Fortran 77 compiler version
configure:4381:  --version >&5
./configure: line 4383: --version: command not found
configure:4392: $? = 127
configure:4381:  -v >&5
./configure: line 4383: -v: command not found
configure:4392: $? = 127
configure:4381:  -V >&5
./configure: line 4383: -V: command not found
configure:4392: $? = 127
configure:4381:  -qversion >&5
./configure: line 4383: -qversion: command not found
configure:4392: $? = 127
configure:4401: checking whether we are using the GNU Fortran 77 compiler
configure:4414:  -c  conftest.F >&5
./configure: line 1688: -c: command not found
configure:4414: $? = 127
configure: failed program was:
|       program main
| #ifndef __GNUC__
|        choke me
| #endif
| 
|       end
configure:4423: result: no
configure:4429: checking whether  accepts -g
configure:4440:  -c -g conftest.f >&5
./configure: line 1688: -c: command not found
configure:4440: $? = 127
configure: failed program was:
|       program main
| 
|       end
configure:4448: result: no
configure:4530: checking for xlf90
configure:4560: result: no
configure:4530: checking for ifort
configure:4560: result: no
configure:4530: checking for pathf90
configure:4560: result: no
configure:4530: checking for pgf90
configure:4560: result: no
configure:4530: checking for ftn
configure:4560: result: no
configure:4530: checking for frt
configure:4560: result: no
configure:4530: checking for f90
configure:4560: result: no
configure:4530: checking for gfortran
configure:4560: result: no
configure:4530: checking for g95
configure:4560: result: no
configure:4583: checking for Fortran compiler version
configure:4592:  --version >&5
./configure: line 4594: --version: command not found
configure:4603: $? = 127
configure:4592:  -v >&5
./configure: line 4594: -v: command not found
configure:4603: $? = 127
configure:4592:  -V >&5
./configure: line 4594: -V: command not found
configure:4603: $? = 127
configure:4592:  -qversion >&5
./configure: line 4594: -qversion: command not found
configure:4603: $? = 127
configure:4612: checking whether we are using the GNU Fortran compiler
configure:4625:  -c   conftest.F >&5
./configure: line 1726: -c: command not found
configure:4625: $? = 127
configure: failed program was:
|       program main
| #ifndef __GNUC__
|        choke me
| #endif
| 
|       end
configure:4634: result: no
configure:4640: checking whether  accepts -g
configure:4651:  -c -g  conftest.f >&5
./configure: line 1726: -c: command not found
configure:4651: $? = 127
configure: failed program was:
|       program main
| 
|       end
configure:4659: result: no
configure:4697: checking whether using Fortran preset flags
configure:4710: result: yes
configure:4989: checking how to get verbose linking output from 
configure:4999:  -c  conftest.f >&5
./configure: line 1688: -c: command not found
configure:4999: $? = 127
configure: failed program was:
|       program main
| 
|       end
configure:5077: WARNING: compilation failed
configure:5083: result: 
configure:5085: checking for Fortran 77 libraries of 
configure:5108: -o conftest conftest.f
./configure: line 5113: -o: command not found
configure:5283: result: 
configure:5309: checking how to get verbose linking output from 
configure:5319:  -c   conftest.f >&5
./configure: line 1726: -c: command not found
configure:5319: $? = 127
configure: failed program was:
|       program main
| 
|       end
configure:5397: WARNING: compilation failed
configure:5403: result: 
configure:5405: checking for Fortran libraries of 
configure:5428: -o conftest conftest.f
./configure: line 5433: -o: command not found
configure:5603: result: 
configure:5736: checking compiler specific header
configure:5798: result: gnu/bzconfig.h
configure:5810: checking for makeinfo
configure:5838: result: ${SHELL} /home/arash/Desktop/portfolio/softwares/ppm3d/ppm/3D-best-python-weighted_leak/ppm3d/blitz/config/missing --run makeinfo
configure:5857: checking for texi2html
configure:5887: result: no
configure:6056: checking whether to enable C++/Fortran 64-bit compilation flags
configure:6068: result: no
configure:6220: checking how to print strings
configure:6247: result: printf
configure:6316: checking for gcc
configure:6332: found /usr/bin/gcc
configure:6343: result: gcc
configure:6572: checking for C compiler version
configure:6581: gcc --version >&5
gcc (Ubuntu 5.4.0-6ubuntu1~16.04.10) 5.4.0 20160609
Copyright (C) 2015 Free Software Foundation, Inc.
This is free software; see the source for copying conditions.  There is NO
warranty; not even for MERCHANTABILITY or FITNESS FOR A PARTICULAR PURPOSE.

configure:6592: $? = 0
configure:6581: gcc -v >&5
Using built-in specs.
COLLECT_GCC=gcc
COLLECT_LTO_WRAPPER=/usr/lib/gcc/x86_64-linux-gnu/5/lto-wrapper
Target: x86_64-linux-gnu
Configured with: ../src/configure -v --with-pkgversion='Ubuntu 5.4.0-6ubuntu1~16.04.10' --with-bugurl=file:///usr/share/doc/gcc-5/README.Bugs --enable-languages=c,ada,c++,java,go,d,fortran,objc,obj-c++ --prefix=/usr --program-suffix=-5 --enable-shared --enable-linker-build-id --libexecdir=/usr/lib --without-included-gettext --enable-threads=posix --libdir=/usr/lib --enable-nls --with-sysroot=/ --enable-clocale=gnu --enable-libstdcxx-debug --enable-libstdcxx-time=yes --with-default-libstdcxx-abi=new --enable-gnu-unique-object --disable-vtable-verify --enable-libmpx --enable-plugin --with-system-zlib --disable-browser-plugin --enable-java-awt=gtk --enable-gtk-cairo --with-java-home=/usr/lib/jvm/java-1.5.0-gcj-5-amd64/jre --enable-java-home --with-jvm-root-dir=/usr/lib/jvm/java-1.5.0-gcj-5-amd64 --with-jvm-jar-dir=/usr/lib/jvm-exports/java-1.5.0-gcj-5-amd64 --with-arch-directory=amd64 --with-ecj-jar=/usr/share/java/eclipse-ecj.jar --enable-objc-gc --enable-multiarch --disable-werror --with-arch-32=i686 --with-abi=m64 --with-multilib-list=m32,m64,mx32 --enable-multilib --with-tune=generic --enable-checking=release --build=x86_64-linux-gnu --host=x86_64-linux-gnu --target=x86_64-linux-gnu
Thread model: posix
gcc version 5.4.0 20160609 (Ubuntu 5.4.0-6ubuntu1~16.04.10) 
configure:6592: $? = 0
configure:6581: gcc -V >&5
gcc: error: unrecognized command line option '-V'
gcc: fatal error: no input files
compilation terminated.
configure:6592: $? = 1
configure:6581: gcc -qversion >&5
gcc: error: unrecognized command line option '-qversion'
gcc: fatal error: no input files
compilation terminated.
configure:6592: $? = 1
configure:6596: checking whether we are using the GNU C compiler
configure:6615: gcc -c   conftest.c >&5
configure:6615: $? = 0
configure:6624: result: yes
configure:6633: checking whether gcc accepts -g
configure:6653: gcc -c -g  conftest.c >&5
configure:6653: $? = 0
configure:6694: result: yes
configure:6711: checking for gcc option to accept ISO C89
configure:6775: gcc  -c -g -O2  conftest.c >&5
configure:6775: $? = 0
configure:6788: result: none needed
configure:6810: checking dependency style of gcc
configure:6920: result: gcc3
configure:6935: checking for a sed that does not truncate output
configure:6999: result: /bin/sed
configure:7017: checking for grep that handles long lines and -e
configure:7075: result: /bin/grep
configure:7080: checking for egrep
configure:7142: result: /bin/grep -E
configure:7147: checking for fgrep
configure:7209: result: /bin/grep -F
configure:7244: checking for ld used by gcc
configure:7311: result: /usr/bin/ld
configure:7318: checking if the linker (/usr/bin/ld) is GNU ld
configure:7333: result: yes
configure:7345: checking for BSD- or MS-compatible name lister (nm)
configure:7394: result: /usr/bin/nm -B
configure:7524: checking the name lister (/usr/bin/nm -B) interface
configure:7531: c++ -c   conftest.cpp >&5
configure:7534: /usr/bin/nm -B "conftest.o"
configure:7537: output
0000000000000000 B some_variable
configure:7544: result: BSD nm
configure:7547: checking whether ln -s works
configure:7551: result: yes
configure:7559: checking the maximum length of command line arguments
configure:7684: result: 1572864
configure:7701: checking whether the shell understands some XSI constructs
configure:7711: result: yes
configure:7715: checking whether the shell understands "+="
configure:7721: result: yes
configure:7756: checking how to convert x86_64-unknown-linux-gnu file names to x86_64-unknown-linux-gnu format
configure:7796: result: func_convert_file_noop
configure:7803: checking how to convert x86_64-unknown-linux-gnu file names to toolchain format
configure:7823: result: func_convert_file_noop
configure:7830: checking for /usr/bin/ld option to reload object files
configure:7837: result: -r
configure:7911: checking for objdump
configure:7927: found /usr/bin/objdump
configure:7938: result: objdump
configure:7970: checking how to recognize dependent libraries
configure:8172: result: pass_all
configure:8257: checking for dlltool
configure:8287: result: no
configure:8317: checking how to associate runtime and link libraries
configure:8344: result: printf %s\n
configure:8405: checking for ar
configure:8421: found /usr/bin/ar
configure:8432: result: ar
configure:8469: checking for archiver @FILE support
configure:8486: c++ -c   conftest.cpp >&5
configure:8486: $? = 0
configure:8489: ar -cru libconftest.a @conftest.lst >&5
ar: `u' modifier ignored since `D' is the default (see `U')
configure:8492: $? = 0
configure:8497: ar -cru libconftest.a @conftest.lst >&5
ar: `u' modifier ignored since `D' is the default (see `U')
ar: conftest.o: No such file or directory
configure:8500: $? = 1
configure:8512: result: @
configure:8570: checking for strip
configure:8586: found /usr/bin/strip
configure:8597: result: strip
configure:8669: checking for ranlib
configure:8685: found /usr/bin/ranlib
configure:8696: result: ranlib
configure:8798: checking command to parse /usr/bin/nm -B output from gcc object
configure:8917: c++ -c   conftest.cpp >&5
configure:8920: $? = 0
configure:8924: /usr/bin/nm -B conftest.o \| sed -n -e 's/^.*[ ]\([ABCDGIRSTW][ABCDGIRSTW]*\)[ ][ ]*\([_A-Za-z][_A-Za-z0-9]*\)$/\1 \2 \2/p' | sed '/ __gnu_lto/d' \> conftest.nm
configure:8927: $? = 0
configure:8993: c++ -o conftest    conftest.cpp conftstm.o >&5
configure:8996: $? = 0
configure:9034: result: ok
configure:9071: checking for sysroot
configure:9101: result: no
configure:9179: c++ -c   conftest.cpp >&5
configure:9182: $? = 0
configure:9345: checking for mt
configure:9361: found /bin/mt
configure:9372: result: mt
configure:9395: checking if mt is a manifest tool
configure:9401: mt '-?'
configure:9409: result: no
configure:10041: checking how to run the C preprocessor
configure:10072: gcc -E  conftest.c
configure:10072: $? = 0
configure:10086: gcc -E  conftest.c
conftest.c:11:28: fatal error: ac_nonexistent.h: No such file or directory
compilation terminated.
configure:10086: $? = 1
configure: failed program was:
| /* confdefs.h */
| #define PACKAGE_NAME "blitz"
| #define PACKAGE_TARNAME "blitz"
| #define PACKAGE_VERSION "0.10"
| #define PACKAGE_STRING "blitz 0.10"
| #define PACKAGE_BUGREPORT "blitz-support@lists.sourceforge.net"
| #define PACKAGE_URL ""
| #define PACKAGE "blitz"
| #define VERSION "0.10"
| /* end confdefs.h.  */
| #include <ac_nonexistent.h>
configure:10111: result: gcc -E
configure:10131: gcc -E  conftest.c
configure:10131: $? = 0
configure:10145: gcc -E  conftest.c
conftest.c:11:28: fatal error: ac_nonexistent.h: No such file or directory
compilation terminated.
configure:10145: $? = 1
configure: failed program was:
| /* confdefs.h */
| #define PACKAGE_NAME "blitz"
| #define PACKAGE_TARNAME "blitz"
| #define PACKAGE_VERSION "0.10"
| #define PACKAGE_STRING "blitz 0.10"
| #define PACKAGE_BUGREPORT "blitz-support@lists.sourceforge.net"
| #define PACKAGE_URL ""
| #define PACKAGE "blitz"
| #define VERSION "0.10"
| /* end confdefs.h.  */
| #include <ac_nonexistent.h>
configure:10174: checking for ANSI C header files
configure:10194: gcc -c -g -O2  conftest.c >&5
configure:10194: $? = 0
configure:10267: gcc -o conftest -g -O2   conftest.c  >&5
configure:10267: $? = 0
configure:10267: ./conftest
configure:10267: $? = 0
configure:10278: result: yes
configure:10291: checking for sys/types.h
configure:10291: gcc -c -g -O2  conftest.c >&5
configure:10291: $? = 0
configure:10291: result: yes
configure:10291: checking for sys/stat.h
configure:10291: gcc -c -g -O2  conftest.c >&5
configure:10291: $? = 0
configure:10291: result: yes
configure:10291: checking for stdlib.h
configure:10291: gcc -c -g -O2  conftest.c >&5
configure:10291: $? = 0
configure:10291: result: yes
configure:10291: checking for string.h
configure:10291: gcc -c -g -O2  conftest.c >&5
configure:10291: $? = 0
configure:10291: result: yes
configure:10291: checking for memory.h
configure:10291: gcc -c -g -O2  conftest.c >&5
configure:10291: $? = 0
configure:10291: result: yes
configure:10291: checking for strings.h
configure:10291: gcc -c -g -O2  conftest.c >&5
configure:10291: $? = 0
configure:10291: result: yes
configure:10291: checking for inttypes.h
configure:10291: gcc -c -g -O2  conftest.c >&5
configure:10291: $? = 0
configure:10291: result: yes
configure:10291: checking for stdint.h
configure:10291: gcc -c -g -O2  conftest.c >&5
configure:10291: $? = 0
configure:10291: result: yes
configure:10291: checking for unistd.h
configure:10291: gcc -c -g -O2  conftest.c >&5
configure:10291: $? = 0
configure:10291: result: yes
configure:10305: checking for dlfcn.h
configure:10305: gcc -c -g -O2  conftest.c >&5
configure:10305: $? = 0
configure:10305: result: yes
configure:10472: checking for objdir
configure:10487: result: .libs
configure:10758: checking if gcc supports -fno-rtti -fno-exceptions
configure:10776: gcc -c -g -O2  -fno-rtti -fno-exceptions conftest.c >&5
cc1: warning: command line option '-fno-rtti' is valid for C++/ObjC++ but not for C
configure:10780: $? = 0
configure:10793: result: no
configure:11103: checking for gcc option to produce PIC
configure:11110: result: -fPIC -DPIC
configure:11118: checking if gcc PIC flag -fPIC -DPIC works
configure:11136: gcc -c -g -O2  -fPIC -DPIC -DPIC conftest.c >&5
configure:11140: $? = 0
configure:11153: result: yes
configure:11182: checking if gcc static flag -static works
configure:11210: result: yes
configure:11225: checking if gcc supports -c -o file.o
configure:11246: gcc -c -g -O2  -o out/conftest2.o conftest.c >&5
configure:11250: $? = 0
configure:11272: result: yes
configure:11280: checking if gcc supports -c -o file.o
configure:11327: result: yes
configure:11360: checking whether the gcc linker (/usr/bin/ld -m elf_x86_64) supports shared libraries
configure:12522: result: yes
configure:12767: checking dynamic linker characteristics
configure:13282: gcc -o conftest -g -O2   -Wl,-rpath -Wl,/foo conftest.c  >&5
configure:13282: $? = 0
configure:13516: result: GNU/Linux ld.so
configure:13623: checking how to hardcode library paths into programs
configure:13648: result: immediate
configure:14188: checking whether stripping libraries is possible
configure:14193: result: yes
configure:14228: checking if libtool supports shared libraries
configure:14230: result: yes
configure:14233: checking whether to build shared libraries
configure:14254: result: no
configure:14257: checking whether to build static libraries
configure:14261: result: yes
configure:14284: checking how to run the C++ preprocessor
configure:14311: c++ -E  conftest.cpp
configure:14311: $? = 0
configure:14325: c++ -E  conftest.cpp
conftest.cpp:23:28: fatal error: ac_nonexistent.h: No such file or directory
compilation terminated.
configure:14325: $? = 1
configure: failed program was:
| /* confdefs.h */
| #define PACKAGE_NAME "blitz"
| #define PACKAGE_TARNAME "blitz"
| #define PACKAGE_VERSION "0.10"
| #define PACKAGE_STRING "blitz 0.10"
| #define PACKAGE_BUGREPORT "blitz-support@lists.sourceforge.net"
| #define PACKAGE_URL ""
| #define PACKAGE "blitz"
| #define VERSION "0.10"
| #define STDC_HEADERS 1
| #define HAVE_SYS_TYPES_H 1
| #define HAVE_SYS_STAT_H 1
| #define HAVE_STDLIB_H 1
| #define HAVE_STRING_H 1
| #define HAVE_MEMORY_H 1
| #define HAVE_STRINGS_H 1
| #define HAVE_INTTYPES_H 1
| #define HAVE_STDINT_H 1
| #define HAVE_UNISTD_H 1
| #define HAVE_DLFCN_H 1
| #define LT_OBJDIR ".libs/"
| /* end confdefs.h.  */
| #include <ac_nonexistent.h>
configure:14350: result: c++ -E
configure:14370: c++ -E  conftest.cpp
configure:14370: $? = 0
configure:14384: c++ -E  conftest.cpp
conftest.cpp:23:28: fatal error: ac_nonexistent.h: No such file or directory
compilation terminated.
configure:14384: $? = 1
configure: failed program was:
| /* confdefs.h */
| #define PACKAGE_NAME "blitz"
| #define PACKAGE_TARNAME "blitz"
| #define PACKAGE_VERSION "0.10"
| #define PACKAGE_STRING "blitz 0.10"
| #define PACKAGE_BUGREPORT "blitz-support@lists.sourceforge.net"
| #define PACKAGE_URL ""
| #define PACKAGE "blitz"
| #define VERSION "0.10"
| #define STDC_HEADERS 1
| #define HAVE_SYS_TYPES_H 1
| #define HAVE_SYS_STAT_H 1
| #define HAVE_STDLIB_H 1
| #define HAVE_STRING_H 1
| #define HAVE_MEMORY_H 1
| #define HAVE_STRINGS_H 1
| #define HAVE_INTTYPES_H 1
| #define HAVE_STDINT_H 1
| #define HAVE_UNISTD_H 1
| #define HAVE_DLFCN_H 1
| #define LT_OBJDIR ".libs/"
| /* end confdefs.h.  */
| #include <ac_nonexistent.h>
configure:14554: checking for ld used by c++
configure:14621: result: /usr/bin/ld -m elf_x86_64
configure:14628: checking if the linker (/usr/bin/ld -m elf_x86_64) is GNU ld
configure:14643: result: yes
configure:14698: checking whether the c++ linker (/usr/bin/ld -m elf_x86_64) supports shared libraries
configure:15702: result: yes
configure:15737: c++ -c   conftest.cpp >&5
configure:15740: $? = 0
configure:16260: checking for c++ option to produce PIC
configure:16267: result: -fPIC -DPIC
configure:16275: checking if c++ PIC flag -fPIC -DPIC works
configure:16293: c++ -c   -fPIC -DPIC -DPIC conftest.cpp >&5
configure:16297: $? = 0
configure:16310: result: yes
configure:16333: checking if c++ static flag -static works
configure:16361: result: yes
configure:16373: checking if c++ supports -c -o file.o
configure:16394: c++ -c   -o out/conftest2.o conftest.cpp >&5
configure:16398: $? = 0
configure:16420: result: yes
configure:16425: checking if c++ supports -c -o file.o
configure:16472: result: yes
configure:16502: checking whether the c++ linker (/usr/bin/ld -m elf_x86_64) supports shared libraries
configure:16539: result: yes
configure:16682: checking dynamic linker characteristics
configure:17365: result: GNU/Linux ld.so
configure:17418: checking how to hardcode library paths into programs
configure:17443: result: immediate
configure:23106: checking for sin
configure:23106: c++ -o conftest    conftest.cpp  >&5
configure:23106: $? = 0
configure:23106: result: yes
configure:23177:

Checking to see if there is a usable BLAS library kicking around...
(If so, Blitz++ will use BLAS library to run benchmarks against
if you build the benchmarks.  Blitz++ itself does NOT use BLAS).


configure:23189: checking for daxpy_ in -lblas
configure:23214: c++ -o conftest     conftest.cpp -lblas   >&5
/usr/bin/ld: cannot find -lblas
collect2: error: ld returned 1 exit status
configure:23214: $? = 1
configure: failed program was:
| /* confdefs.h */
| #define PACKAGE_NAME "blitz"
| #define PACKAGE_TARNAME "blitz"
| #define PACKAGE_VERSION "0.10"
| #define PACKAGE_STRING "blitz 0.10"
| #define PACKAGE_BUGREPORT "blitz-support@lists.sourceforge.net"
| #define PACKAGE_URL ""
| #define PACKAGE "blitz"
| #define VERSION "0.10"
| #define STDC_HEADERS 1
| #define HAVE_SYS_TYPES_H 1
| #define HAVE_SYS_STAT_H 1
| #define HAVE_STDLIB_H 1
| #define HAVE_STRING_H 1
| #define HAVE_MEMORY_H 1
| #define HAVE_STRINGS_H 1
| #define HAVE_INTTYPES_H 1
| #define HAVE_STDINT_H 1
| #define HAVE_UNISTD_H 1
| #define HAVE_DLFCN_H 1
| #define LT_OBJDIR ".libs/"
| /* end confdefs.h.  */
| 
| /* Override any GCC internal prototype to avoid an error.
|    Use char because int might match the return type of a GCC
|    builtin and then its argument prototype would still apply.  */
| #ifdef __cplusplus
| extern "C"
| #endif
| char daxpy_ ();
| int
| main ()
| {
| return daxpy_ ();
|   ;
|   return 0;
| }
configure:23223: result: no
configure:23236: checking for daxpy in -lblas
configure:23261: c++ -o conftest     conftest.cpp -lblas   >&5
/usr/bin/ld: cannot find -lblas
collect2: error: ld returned 1 exit status
configure:23261: $? = 1
configure: failed program was:
| /* confdefs.h */
| #define PACKAGE_NAME "blitz"
| #define PACKAGE_TARNAME "blitz"
| #define PACKAGE_VERSION "0.10"
| #define PACKAGE_STRING "blitz 0.10"
| #define PACKAGE_BUGREPORT "blitz-support@lists.sourceforge.net"
| #define PACKAGE_URL ""
| #define PACKAGE "blitz"
| #define VERSION "0.10"
| #define STDC_HEADERS 1
| #define HAVE_SYS_TYPES_H 1
| #define HAVE_SYS_STAT_H 1
| #define HAVE_STDLIB_H 1
| #define HAVE_STRING_H 1
| #define HAVE_MEMORY_H 1
| #define HAVE_STRINGS_H 1
| #define HAVE_INTTYPES_H 1
| #define HAVE_STDINT_H 1
| #define HAVE_UNISTD_H 1
| #define HAVE_DLFCN_H 1
| #define LT_OBJDIR ".libs/"
| /* end confdefs.h.  */
| 
| /* Override any GCC internal prototype to avoid an error.
|    Use char because int might match the return type of a GCC
|    builtin and then its argument prototype would still apply.  */
| #ifdef __cplusplus
| extern "C"
| #endif
| char daxpy ();
| int
| main ()
| {
| return daxpy ();
|   ;
|   return 0;
| }
configure:23270: result: no
configure:23283: checking for DAXPY in -lblas
configure:23308: c++ -o conftest     conftest.cpp -lblas   >&5
/usr/bin/ld: cannot find -lblas
collect2: error: ld returned 1 exit status
configure:23308: $? = 1
configure: failed program was:
| /* confdefs.h */
| #define PACKAGE_NAME "blitz"
| #define PACKAGE_TARNAME "blitz"
| #define PACKAGE_VERSION "0.10"
| #define PACKAGE_STRING "blitz 0.10"
| #define PACKAGE_BUGREPORT "blitz-support@lists.sourceforge.net"
| #define PACKAGE_URL ""
| #define PACKAGE "blitz"
| #define VERSION "0.10"
| #define STDC_HEADERS 1
| #define HAVE_SYS_TYPES_H 1
| #define HAVE_SYS_STAT_H 1
| #define HAVE_STDLIB_H 1
| #define HAVE_STRING_H 1
| #define HAVE_MEMORY_H 1
| #define HAVE_STRINGS_H 1
| #define HAVE_INTTYPES_H 1
| #define HAVE_STDINT_H 1
| #define HAVE_UNISTD_H 1
| #define HAVE_DLFCN_H 1
| #define LT_OBJDIR ".libs/"
| /* end confdefs.h.  */
| 
| /* Override any GCC internal prototype to avoid an error.
|    Use char because int might match the return type of a GCC
|    builtin and then its argument prototype would still apply.  */
| #ifdef __cplusplus
| extern "C"
| #endif
| char DAXPY ();
| int
| main ()
| {
| return DAXPY ();
|   ;
|   return 0;
| }
configure:23317: result: no
configure:23330: checking for daxpy__ in -lblas
configure:23355: c++ -o conftest     conftest.cpp -lblas   >&5
/usr/bin/ld: cannot find -lblas
collect2: error: ld returned 1 exit status
configure:23355: $? = 1
configure: failed program was:
| /* confdefs.h */
| #define PACKAGE_NAME "blitz"
| #define PACKAGE_TARNAME "blitz"
| #define PACKAGE_VERSION "0.10"
| #define PACKAGE_STRING "blitz 0.10"
| #define PACKAGE_BUGREPORT "blitz-support@lists.sourceforge.net"
| #define PACKAGE_URL ""
| #define PACKAGE "blitz"
| #define VERSION "0.10"
| #define STDC_HEADERS 1
| #define HAVE_SYS_TYPES_H 1
| #define HAVE_SYS_STAT_H 1
| #define HAVE_STDLIB_H 1
| #define HAVE_STRING_H 1
| #define HAVE_MEMORY_H 1
| #define HAVE_STRINGS_H 1
| #define HAVE_INTTYPES_H 1
| #define HAVE_STDINT_H 1
| #define HAVE_UNISTD_H 1
| #define HAVE_DLFCN_H 1
| #define LT_OBJDIR ".libs/"
| /* end confdefs.h.  */
| 
| /* Override any GCC internal prototype to avoid an error.
|    Use char because int might match the return type of a GCC
|    builtin and then its argument prototype would still apply.  */
| #ifdef __cplusplus
| extern "C"
| #endif
| char daxpy__ ();
| int
| main ()
| {
| return daxpy__ ();
|   ;
|   return 0;
| }
configure:23364: result: no
configure:23385: checking whether to enable c++ optimization flags
configure:23395: result: no
configure:23403: checking whether to enable c++ debug flags
configure:23413: result: no
configure:23421: checking whether to enable Blitz thread-safety features
configure:23431: result: no
configure:23439: checking if we are using Intel Threading Building Blocks
configure:23467: result: no
configure:23472: checking for SIMD instruction width
configure:23560: result: no
configure:23574: checking whether to pad array lengths to SIMD instruction width
configure:23590: result: no
configure:23595: checking whether to enable Blitz 64-bit dimensions
configure:23605: result: no
configure:23610: checking whether to enable serialization support
configure:24119: result: no
configure:24125: checking for main in -lpapi
configure:24144: c++ -o conftest    conftest.cpp -lpapi   >&5
/usr/bin/ld: cannot find -lpapi
collect2: error: ld returned 1 exit status
configure:24144: $? = 1
configure: failed program was:
| /* confdefs.h */
| #define PACKAGE_NAME "blitz"
| #define PACKAGE_TARNAME "blitz"
| #define PACKAGE_VERSION "0.10"
| #define PACKAGE_STRING "blitz 0.10"
| #define PACKAGE_BUGREPORT "blitz-support@lists.sourceforge.net"
| #define PACKAGE_URL ""
| #define PACKAGE "blitz"
| #define VERSION "0.10"
| #define STDC_HEADERS 1
| #define HAVE_SYS_TYPES_H 1
| #define HAVE_SYS_STAT_H 1
| #define HAVE_STDLIB_H 1
| #define HAVE_STRING_H 1
| #define HAVE_MEMORY_H 1
| #define HAVE_STRINGS_H 1
| #define HAVE_INTTYPES_H 1
| #define HAVE_STDINT_H 1
| #define HAVE_UNISTD_H 1
| #define HAVE_DLFCN_H 1
| #define LT_OBJDIR ".libs/"
| #define ALIGN_VARIABLE(vartype,varname,alignment) vartype varname;
| #define SIMD_WIDTH 1
| /* end confdefs.h.  */
| 
| 
| int
| main ()
| {
| return main ();
|   ;
|   return 0;
| }
configure:24153: result: no
configure:24172:

C++ compiler (c++  ) characteristics


configure:24218:

Checking major C++ language features


configure:24225: checking whether the compiler implements namespaces
configure:24248: c++ -c   conftest.cpp >&5
configure:24248: $? = 0
configure:24262: result: yes
configure:24270: checking whether the compiler supports exceptions
configure:24293: c++ -c   conftest.cpp >&5
configure:24293: $? = 0
configure:24307: result: yes
configure:24315: checking whether the compiler supports Run-Time Type Identification
configure:24350: c++ -c   conftest.cpp >&5
configure:24350: $? = 0
configure:24364: result: yes
configure:24372: checking whether the compiler supports member constants
configure:24395: c++ -c   conftest.cpp >&5
configure:24395: $? = 0
configure:24409: result: yes
configure:24417: checking whether the compiler accepts the old for scoping rules
configure:24440: c++ -c   conftest.cpp >&5
conftest.cpp: In function 'int main()':
conftest.cpp:38:41: error: name lookup of 'i' changed for ISO 'for' scoping [-fpermissive]
 int z;for (int i=0; i < 10; ++i)z=z+i;z=i;return z;
                                         ^
conftest.cpp:38:41: note: (if you use '-fpermissive' G++ will accept your code)
configure:24440: $? = 1
configure: failed program was:
| /* confdefs.h */
| #define PACKAGE_NAME "blitz"
| #define PACKAGE_TARNAME "blitz"
| #define PACKAGE_VERSION "0.10"
| #define PACKAGE_STRING "blitz 0.10"
| #define PACKAGE_BUGREPORT "blitz-support@lists.sourceforge.net"
| #define PACKAGE_URL ""
| #define PACKAGE "blitz"
| #define VERSION "0.10"
| #define STDC_HEADERS 1
| #define HAVE_SYS_TYPES_H 1
| #define HAVE_SYS_STAT_H 1
| #define HAVE_STDLIB_H 1
| #define HAVE_STRING_H 1
| #define HAVE_MEMORY_H 1
| #define HAVE_STRINGS_H 1
| #define HAVE_INTTYPES_H 1
| #define HAVE_STDINT_H 1
| #define HAVE_UNISTD_H 1
| #define HAVE_DLFCN_H 1
| #define LT_OBJDIR ".libs/"
| #define ALIGN_VARIABLE(vartype,varname,alignment) vartype varname;
| #define SIMD_WIDTH 1
| #define _compiler_name "c++"
| #define _compiler_options ""
| #define _os_name "Linux arash-Q504UA 4.4.0-138-generic #164-Ubuntu SMP Tue Oct 2 17:16:02 UTC 2018 x86_64 x86_64 x86_64 GNU/Linux"
| #define _config_date "Sun Nov 18 21:07:50 EST 2018"
| #define _platform "x86_64-unknown-linux-gnu"
| #define HAVE_NAMESPACES /**/
| #define HAVE_EXCEPTIONS /**/
| #define HAVE_RTTI /**/
| #define HAVE_MEMBER_CONSTANTS /**/
| /* end confdefs.h.  */
| 
| int
| main ()
| {
| int z;for (int i=0; i < 10; ++i)z=z+i;z=i;return z;
|   ;
|   return 0;
| }
configure:24454: result: no
configure:24467:

Now for some of the new keywords


configure:24474: checking whether the compiler supports the explicit keyword
configure:24497: c++ -c   conftest.cpp >&5
configure:24497: $? = 0
configure:24511: result: yes
configure:24519: checking whether the compiler supports the mutable keyword
configure:24547: c++ -c   conftest.cpp >&5
configure:24547: $? = 0
configure:24561: result: yes
configure:24569: checking whether the compiler recognizes typename
configure:24592: c++ -c   conftest.cpp >&5
configure:24592: $? = 0
configure:24606: result: yes
configure:24614: checking whether the compiler supports the Numerical C Extensions Group restrict keyword
configure:24644: c++ -c   conftest.cpp >&5
conftest.cpp:38:40: error: expected ',' or '...' before 'a'
 void add(int length, double * restrict a,
                                        ^
conftest.cpp: In function 'void add(int, double*)':
conftest.cpp:40:34: error: 'a' was not declared in this scope
 { for (int i=0; i < length; ++i) a[i] = b[i] + c[i]; }
                                  ^
conftest.cpp:40:41: error: 'b' was not declared in this scope
 { for (int i=0; i < length; ++i) a[i] = b[i] + c[i]; }
                                         ^
conftest.cpp:40:48: error: 'c' was not declared in this scope
 { for (int i=0; i < length; ++i) a[i] = b[i] + c[i]; }
                                                ^
conftest.cpp: In function 'int main()':
conftest.cpp:47:13: error: too many arguments to function 'void add(int, double*)'
 add(10,a,b,c);
             ^
conftest.cpp:38:6: note: declared here
 void add(int length, double * restrict a,
      ^
configure:24644: $? = 1
configure: failed program was:
| /* confdefs.h */
| #define PACKAGE_NAME "blitz"
| #define PACKAGE_TARNAME "blitz"
| #define PACKAGE_VERSION "0.10"
| #define PACKAGE_STRING "blitz 0.10"
| #define PACKAGE_BUGREPORT "blitz-support@lists.sourceforge.net"
| #define PACKAGE_URL ""
| #define PACKAGE "blitz"
| #define VERSION "0.10"
| #define STDC_HEADERS 1
| #define HAVE_SYS_TYPES_H 1
| #define HAVE_SYS_STAT_H 1
| #define HAVE_STDLIB_H 1
| #define HAVE_STRING_H 1
| #define HAVE_MEMORY_H 1
| #define HAVE_STRINGS_H 1
| #define HAVE_INTTYPES_H 1
| #define HAVE_STDINT_H 1
| #define HAVE_UNISTD_H 1
| #define HAVE_DLFCN_H 1
| #define LT_OBJDIR ".libs/"
| #define ALIGN_VARIABLE(vartype,varname,alignment) vartype varname;
| #define SIMD_WIDTH 1
| #define _compiler_name "c++"
| #define _compiler_options ""
| #define _os_name "Linux arash-Q504UA 4.4.0-138-generic #164-Ubuntu SMP Tue Oct 2 17:16:02 UTC 2018 x86_64 x86_64 x86_64 GNU/Linux"
| #define _config_date "Sun Nov 18 21:07:50 EST 2018"
| #define _platform "x86_64-unknown-linux-gnu"
| #define HAVE_NAMESPACES /**/
| #define HAVE_EXCEPTIONS /**/
| #define HAVE_RTTI /**/
| #define HAVE_MEMBER_CONSTANTS /**/
| #define HAVE_EXPLICIT /**/
| #define HAVE_MUTABLE /**/
| #define HAVE_TYPENAME /**/
| /* end confdefs.h.  */
| 
| void add(int length, double * restrict a,
|          const double * restrict b, const double * restrict c)
| { for (int i=0; i < length; ++i) a[i] = b[i] + c[i]; }
| 
| int
| main ()
| {
| double a[10], b[10], c[10];
| for (int i=0; i < 10; ++i) { a[i] = 0.0; b[i] = 0.0; c[i] = 0.0; }
| add(10,a,b,c);
| return 0;
|   ;
|   return 0;
| }
configure:24658: result: no
configure:24666: checking whether the compiler recognizes the '__restrict__' keyword
configure:24696: c++ -c   conftest.cpp >&5
configure:24696: $? = 0
configure:24710: result: yes
configure:24718: checking whether the compiler recognizes bool as a built-in type
configure:24745: c++ -c   conftest.cpp >&5
configure:24745: $? = 0
configure:24759: result: yes
configure:24773:

Does your compiler understand the newfangled casting syntax?


configure:24780: checking whether the compiler supports const_cast<>
configure:24803: c++ -c   conftest.cpp >&5
configure:24803: $? = 0
configure:24817: result: yes
configure:24825: checking whether the compiler supports static_cast<>
configure:24852: c++ -c   conftest.cpp >&5
configure:24852: $? = 0
configure:24866: result: yes
configure:24874: checking whether the compiler supports reinterpret_cast<>
configure:24902: c++ -c   conftest.cpp >&5
configure:24902: $? = 0
configure:24916: result: yes
configure:24924: checking whether the compiler supports dynamic_cast<>
configure:24950: c++ -c   conftest.cpp >&5
configure:24950: $? = 0
configure:24964: result: yes
configure:24979:

Okay, now the important stuff -- templates


configure:24986: checking whether the compiler supports basic templates
configure:25011: c++ -c   conftest.cpp >&5
configure:25011: $? = 0
configure:25025: result: yes
configure:25033: checking whether the compiler supports partial specialization
configure:25060: c++ -c   conftest.cpp >&5
configure:25060: $? = 0
configure:25074: result: yes
configure:25082: checking whether the compiler supports partial ordering
configure:25111: c++ -c   conftest.cpp >&5
configure:25111: $? = 0
configure:25125: result: yes
configure:25133: checking whether the compiler supports default template parameters
configure:25158: c++ -c   conftest.cpp >&5
configure:25158: $? = 0
configure:25172: result: yes
configure:25180: checking whether the compiler supports member templates
configure:25207: c++ -c   conftest.cpp >&5
configure:25207: $? = 0
configure:25221: result: yes
configure:25229: checking whether the compiler supports member templates outside the class declaration
configure:25259: c++ -c   conftest.cpp >&5
configure:25259: $? = 0
configure:25273: result: yes
configure:25281: checking whether the compiler recognizes the full specialization syntax
configure:25307: c++ -c   conftest.cpp >&5
configure:25307: $? = 0
configure:25321: result: yes
configure:25329: checking whether the compiler supports function templates with non-type parameters
configure:25355: c++ -c   conftest.cpp >&5
configure:25355: $? = 0
configure:25369: result: yes
configure:25377: checking whether the compiler supports template-qualified base class specifiers
configure:25418: c++ -c   conftest.cpp >&5
configure:25418: $? = 0
configure:25432: result: yes
configure:25440: checking whether the compiler supports template-qualified return types
configure:25474: c++ -c   conftest.cpp >&5
configure:25474: $? = 0
configure:25488: result: yes
configure:25496: checking whether the compiler supports explicit template function qualification
configure:25522: c++ -c   conftest.cpp >&5
configure:25522: $? = 0
configure:25536: result: yes
configure:25544: checking whether the compiler supports templates as template arguments
configure:25571: c++ -c   conftest.cpp >&5
configure:25571: $? = 0
configure:25585: result: yes
configure:25593: checking whether the compiler supports use of the template keyword as a qualifier
configure:25628: c++ -c   conftest.cpp >&5
configure:25628: $? = 0
configure:25642: result: yes
configure:25650: checking whether the compiler supports function matching with argument types which are template scope-qualified
configure:25681: c++ -c   conftest.cpp >&5
configure:25681: $? = 0
configure:25695: result: yes
configure:25703: checking whether the compiler will support the vector type promotion mechanism
configure:25740: c++ -c   conftest.cpp >&5
configure:25740: $? = 0
configure:25754: result: yes
configure:25762: checking whether the compiler supports numeric traits promotions
configure:25795: c++ -c   conftest.cpp >&5
configure:25795: $? = 0
configure:25809: result: yes
configure:25817: checking whether the compiler handle computations inside an enum
configure:25851: c++ -c   conftest.cpp >&5
conftest.cpp: In instantiation of 'struct Z<A, B>':
conftest.cpp:72:21:   required from here
conftest.cpp:63:21: warning: comparison between 'enum A::<anonymous>' and 'enum B::<anonymous>' [-Wenum-compare]
 { enum { a = (T1::a > T2::a) ? T1::a : T2::b,
                     ^
conftest.cpp:63:30: warning: enumeral mismatch in conditional expression: 'A::<anonymous enum>' vs 'B::<anonymous enum>' [-Wenum-compare]
 { enum { a = (T1::a > T2::a) ? T1::a : T2::b,
                              ^
configure:25851: $? = 0
configure:25865: result: yes
configure:25873: checking whether the compiler handles (int) casts in enum computations
configure:25907: c++ -c   conftest.cpp >&5
configure:25907: $? = 0
configure:25921: result: yes
configure:25936:

Which library features does your compiler provide?


configure:25943: checking whether the compiler has complex<T>
configure:25970: c++ -c   conftest.cpp >&5
configure:25970: $? = 0
configure:25984: result: yes
configure:25992: checking whether the compiler has standard complex<T> functions
configure:26021: c++ -c   conftest.cpp >&5
configure:26021: $? = 0
configure:26035: result: yes
configure:26052: checking cstring usability
configure:26052: c++ -c   conftest.cpp >&5
configure:26052: $? = 0
configure:26052: result: yes
configure:26052: checking cstring presence
configure:26052: c++ -E  conftest.cpp
configure:26052: $? = 0
configure:26052: result: yes
configure:26052: checking for cstring
configure:26052: result: yes
configure:26069: checking whether the compiler has numeric_limits<T>
configure:26096: c++ -c   conftest.cpp >&5
configure:26096: $? = 0
configure:26110: result: yes
configure:26118: checking whether the compiler has <climits> header
configure:26141: c++ -c   conftest.cpp >&5
configure:26141: $? = 0
configure:26155: result: yes
configure:26163: checking whether the compiler has valarray<T>
configure:26190: c++ -c   conftest.cpp >&5
configure:26190: $? = 0
configure:26204: result: yes
configure:26212: checking whether the compiler has complex math functions
configure:26244: c++ -o conftest    conftest.cpp  -lm >&5
configure:26244: $? = 0
configure:26260: result: yes
configure:26268: checking whether the compiler has more complex math functions
configure:26299: c++ -o conftest    conftest.cpp  -lm >&5
conftest.cpp: In function 'int main()':
conftest.cpp:76:7: error: no matching function for call to 'acos(std::complex<double>&)'
 acos(x); asin(x); atan(x); atan2(x,y); atan2(x, double(3.0));
       ^
In file included from /usr/include/features.h:367:0,
                 from /usr/include/x86_64-linux-gnu/c++/5/bits/os_defines.h:39,
                 from /usr/include/x86_64-linux-gnu/c++/5/bits/c++config.h:482,
                 from /usr/include/c++/5/complex:41,
                 from conftest.cpp:68:
/usr/include/x86_64-linux-gnu/bits/mathcalls.h:54:1: note: candidate: double acos(double)
 __MATHCALL (acos,, (_Mdouble_ __x));
 ^
/usr/include/x86_64-linux-gnu/bits/mathcalls.h:54:1: note:   no known conversion for argument 1 from 'std::complex<double>' to 'double'
In file included from /usr/include/c++/5/complex:44:0,
                 from conftest.cpp:68:
/usr/include/c++/5/cmath:118:5: note: candidate: template<class _Tp> typename __gnu_cxx::__enable_if<std::__is_integer<_Tp>::__value, double>::__type std::acos(_Tp)
     acos(_Tp __x)
     ^
/usr/include/c++/5/cmath:118:5: note:   template argument deduction/substitution failed:
/usr/include/c++/5/cmath: In substitution of 'template<class _Tp> typename __gnu_cxx::__enable_if<std::__is_integer<_Tp>::__value, double>::__type std::acos(_Tp) [with _Tp = std::complex<double>]':
conftest.cpp:76:7:   required from here
/usr/include/c++/5/cmath:118:5: error: no type named '__type' in 'struct __gnu_cxx::__enable_if<false, double>'
/usr/include/c++/5/cmath:110:3: note: candidate: long double std::acos(long double)
   acos(long double __x)
   ^
/usr/include/c++/5/cmath:110:3: note:   no known conversion for argument 1 from 'std::complex<double>' to 'long double'
/usr/include/c++/5/cmath:106:3: note: candidate: float std::acos(float)
   acos(float __x)
   ^
/usr/include/c++/5/cmath:106:3: note:   no known conversion for argument 1 from 'std::complex<double>' to 'float'
conftest.cpp:76:16: error: no matching function for call to 'asin(std::complex<double>&)'
 acos(x); asin(x); atan(x); atan2(x,y); atan2(x, double(3.0));
                ^
In file included from /usr/include/features.h:367:0,
                 from /usr/include/x86_64-linux-gnu/c++/5/bits/os_defines.h:39,
                 from /usr/include/x86_64-linux-gnu/c++/5/bits/c++config.h:482,
                 from /usr/include/c++/5/complex:41,
                 from conftest.cpp:68:
/usr/include/x86_64-linux-gnu/bits/mathcalls.h:56:1: note: candidate: double asin(double)
 __MATHCALL (asin,, (_Mdouble_ __x));
 ^
/usr/include/x86_64-linux-gnu/bits/mathcalls.h:56:1: note:   no known conversion for argument 1 from 'std::complex<double>' to 'double'
In file included from /usr/include/c++/5/complex:44:0,
                 from conftest.cpp:68:
/usr/include/c++/5/cmath:137:5: note: candidate: template<class _Tp> typename __gnu_cxx::__enable_if<std::__is_integer<_Tp>::__value, double>::__type std::asin(_Tp)
     asin(_Tp __x)
     ^
/usr/include/c++/5/cmath:137:5: note:   template argument deduction/substitution failed:
/usr/include/c++/5/cmath: In substitution of 'template<class _Tp> typename __gnu_cxx::__enable_if<std::__is_integer<_Tp>::__value, double>::__type std::asin(_Tp) [with _Tp = std::complex<double>]':
conftest.cpp:76:16:   required from here
/usr/include/c++/5/cmath:137:5: error: no type named '__type' in 'struct __gnu_cxx::__enable_if<false, double>'
/usr/include/c++/5/cmath:129:3: note: candidate: long double std::asin(long double)
   asin(long double __x)
   ^
/usr/include/c++/5/cmath:129:3: note:   no known conversion for argument 1 from 'std::complex<double>' to 'long double'
/usr/include/c++/5/cmath:125:3: note: candidate: float std::asin(float)
   asin(float __x)
   ^
/usr/include/c++/5/cmath:125:3: note:   no known conversion for argument 1 from 'std::complex<double>' to 'float'
conftest.cpp:76:25: error: no matching function for call to 'atan(std::complex<double>&)'
 acos(x); asin(x); atan(x); atan2(x,y); atan2(x, double(3.0));
                         ^
In file included from /usr/include/features.h:367:0,
                 from /usr/include/x86_64-linux-gnu/c++/5/bits/os_defines.h:39,
                 from /usr/include/x86_64-linux-gnu/c++/5/bits/c++config.h:482,
                 from /usr/include/c++/5/complex:41,
                 from conftest.cpp:68:
/usr/include/x86_64-linux-gnu/bits/mathcalls.h:58:1: note: candidate: double atan(double)
 __MATHCALL (atan,, (_Mdouble_ __x));
 ^
/usr/include/x86_64-linux-gnu/bits/mathcalls.h:58:1: note:   no known conversion for argument 1 from 'std::complex<double>' to 'double'
In file included from /usr/include/c++/5/complex:44:0,
                 from conftest.cpp:68:
/usr/include/c++/5/cmath:156:5: note: candidate: template<class _Tp> typename __gnu_cxx::__enable_if<std::__is_integer<_Tp>::__value, double>::__type std::atan(_Tp)
     atan(_Tp __x)
     ^
/usr/include/c++/5/cmath:156:5: note:   template argument deduction/substitution failed:
/usr/include/c++/5/cmath: In substitution of 'template<class _Tp> typename __gnu_cxx::__enable_if<std::__is_integer<_Tp>::__value, double>::__type std::atan(_Tp) [with _Tp = std::complex<double>]':
conftest.cpp:76:25:   required from here
/usr/include/c++/5/cmath:156:5: error: no type named '__type' in 'struct __gnu_cxx::__enable_if<false, double>'
/usr/include/c++/5/cmath:148:3: note: candidate: long double std::atan(long double)
   atan(long double __x)
   ^
/usr/include/c++/5/cmath:148:3: note:   no known conversion for argument 1 from 'std::complex<double>' to 'long double'
/usr/include/c++/5/cmath:144:3: note: candidate: float std::atan(float)
   atan(float __x)
   ^
/usr/include/c++/5/cmath:144:3: note:   no known conversion for argument 1 from 'std::complex<double>' to 'float'
conftest.cpp:76:37: error: no matching function for call to 'atan2(std::complex<double>&, std::complex<double>&)'
 acos(x); asin(x); atan(x); atan2(x,y); atan2(x, double(3.0));
                                     ^
In file included from /usr/include/features.h:367:0,
                 from /usr/include/x86_64-linux-gnu/c++/5/bits/os_defines.h:39,
                 from /usr/include/x86_64-linux-gnu/c++/5/bits/c++config.h:482,
                 from /usr/include/c++/5/complex:41,
                 from conftest.cpp:68:
/usr/include/x86_64-linux-gnu/bits/mathcalls.h:60:1: note: candidate: double atan2(double, double)
 __MATHCALL (atan2,, (_Mdouble_ __y, _Mdouble_ __x));
 ^
/usr/include/x86_64-linux-gnu/bits/mathcalls.h:60:1: note:   no known conversion for argument 1 from 'std::complex<double>' to 'double'
In file included from /usr/include/c++/5/complex:44:0,
                 from conftest.cpp:68:
/usr/include/c++/5/cmath:174:5: note: candidate: template<class _Tp, class _Up> typename __gnu_cxx::__promote_2<_Tp, _Up>::__type std::atan2(_Tp, _Up)
     atan2(_Tp __y, _Up __x)
     ^
/usr/include/c++/5/cmath:174:5: note:   template argument deduction/substitution failed:
/usr/include/c++/5/cmath: In substitution of 'template<class _Tp, class _Up> typename __gnu_cxx::__promote_2<_Tp, _Up>::__type std::atan2(_Tp, _Up) [with _Tp = std::complex<double>; _Up = std::complex<double>]':
conftest.cpp:76:37:   required from here
/usr/include/c++/5/cmath:174:5: error: no type named '__type' in 'struct __gnu_cxx::__promote<std::complex<double>, false>'
/usr/include/c++/5/cmath:167:3: note: candidate: long double std::atan2(long double, long double)
   atan2(long double __y, long double __x)
   ^
/usr/include/c++/5/cmath:167:3: note:   no known conversion for argument 1 from 'std::complex<double>' to 'long double'
/usr/include/c++/5/cmath:163:3: note: candidate: float std::atan2(float, float)
   atan2(float __y, float __x)
   ^
/usr/include/c++/5/cmath:163:3: note:   no known conversion for argument 1 from 'std::complex<double>' to 'float'
conftest.cpp:76:60: error: no matching function for call to 'atan2(std::complex<double>&, double)'
 acos(x); asin(x); atan(x); atan2(x,y); atan2(x, double(3.0));
                                                            ^
In file included from /usr/include/features.h:367:0,
                 from /usr/include/x86_64-linux-gnu/c++/5/bits/os_defines.h:39,
                 from /usr/include/x86_64-linux-gnu/c++/5/bits/c++config.h:482,
                 from /usr/include/c++/5/complex:41,
                 from conftest.cpp:68:
/usr/include/x86_64-linux-gnu/bits/mathcalls.h:60:1: note: candidate: double atan2(double, double)
 __MATHCALL (atan2,, (_Mdouble_ __y, _Mdouble_ __x));
 ^
/usr/include/x86_64-linux-gnu/bits/mathcalls.h:60:1: note:   no known conversion for argument 1 from 'std::complex<double>' to 'double'
In file included from /usr/include/c++/5/complex:44:0,
                 from conftest.cpp:68:
/usr/include/c++/5/cmath:174:5: note: candidate: template<class _Tp, class _Up> typename __gnu_cxx::__promote_2<_Tp, _Up>::__type std::atan2(_Tp, _Up)
     atan2(_Tp __y, _Up __x)
     ^
/usr/include/c++/5/cmath:174:5: note:   template argument deduction/substitution failed:
/usr/include/c++/5/cmath: In substitution of 'template<class _Tp, class _Up> typename __gnu_cxx::__promote_2<_Tp, _Up>::__type std::atan2(_Tp, _Up) [with _Tp = std::complex<double>; _Up = double]':
conftest.cpp:76:60:   required from here
/usr/include/c++/5/cmath:174:5: error: no type named '__type' in 'struct __gnu_cxx::__promote<std::complex<double>, false>'
/usr/include/c++/5/cmath:167:3: note: candidate: long double std::atan2(long double, long double)
   atan2(long double __y, long double __x)
   ^
/usr/include/c++/5/cmath:167:3: note:   no known conversion for argument 1 from 'std::complex<double>' to 'long double'
/usr/include/c++/5/cmath:163:3: note: candidate: float std::atan2(float, float)
   atan2(float __y, float __x)
   ^
/usr/include/c++/5/cmath:163:3: note:   no known conversion for argument 1 from 'std::complex<double>' to 'float'
conftest.cpp:77:21: error: no matching function for call to 'atan2(double, std::complex<double>&)'
 atan2(double(3.0), x); log10(x); return 0;
                     ^
In file included from /usr/include/features.h:367:0,
                 from /usr/include/x86_64-linux-gnu/c++/5/bits/os_defines.h:39,
                 from /usr/include/x86_64-linux-gnu/c++/5/bits/c++config.h:482,
                 from /usr/include/c++/5/complex:41,
                 from conftest.cpp:68:
/usr/include/x86_64-linux-gnu/bits/mathcalls.h:60:1: note: candidate: double atan2(double, double)
 __MATHCALL (atan2,, (_Mdouble_ __y, _Mdouble_ __x));
 ^
/usr/include/x86_64-linux-gnu/bits/mathcalls.h:60:1: note:   no known conversion for argument 2 from 'std::complex<double>' to 'double'
In file included from /usr/include/c++/5/complex:44:0,
                 from conftest.cpp:68:
/usr/include/c++/5/cmath:174:5: note: candidate: template<class _Tp, class _Up> typename __gnu_cxx::__promote_2<_Tp, _Up>::__type std::atan2(_Tp, _Up)
     atan2(_Tp __y, _Up __x)
     ^
/usr/include/c++/5/cmath:174:5: note:   template argument deduction/substitution failed:
/usr/include/c++/5/cmath: In substitution of 'template<class _Tp, class _Up> typename __gnu_cxx::__promote_2<_Tp, _Up>::__type std::atan2(_Tp, _Up) [with _Tp = double; _Up = std::complex<double>]':
conftest.cpp:77:21:   required from here
/usr/include/c++/5/cmath:174:5: error: no type named '__type' in 'struct __gnu_cxx::__promote<std::complex<double>, false>'
/usr/include/c++/5/cmath:167:3: note: candidate: long double std::atan2(long double, long double)
   atan2(long double __y, long double __x)
   ^
/usr/include/c++/5/cmath:167:3: note:   no known conversion for argument 2 from 'std::complex<double>' to 'long double'
/usr/include/c++/5/cmath:163:3: note: candidate: float std::atan2(float, float)
   atan2(float __y, float __x)
   ^
/usr/include/c++/5/cmath:163:3: note:   no known conversion for argument 2 from 'std::complex<double>' to 'float'
configure:26299: $? = 1
configure: failed program was:
| /* confdefs.h */
| #define PACKAGE_NAME "blitz"
| #define PACKAGE_TARNAME "blitz"
| #define PACKAGE_VERSION "0.10"
| #define PACKAGE_STRING "blitz 0.10"
| #define PACKAGE_BUGREPORT "blitz-support@lists.sourceforge.net"
| #define PACKAGE_URL ""
| #define PACKAGE "blitz"
| #define VERSION "0.10"
| #define STDC_HEADERS 1
| #define HAVE_SYS_TYPES_H 1
| #define HAVE_SYS_STAT_H 1
| #define HAVE_STDLIB_H 1
| #define HAVE_STRING_H 1
| #define HAVE_MEMORY_H 1
| #define HAVE_STRINGS_H 1
| #define HAVE_INTTYPES_H 1
| #define HAVE_STDINT_H 1
| #define HAVE_UNISTD_H 1
| #define HAVE_DLFCN_H 1
| #define LT_OBJDIR ".libs/"
| #define ALIGN_VARIABLE(vartype,varname,alignment) vartype varname;
| #define SIMD_WIDTH 1
| #define _compiler_name "c++"
| #define _compiler_options ""
| #define _os_name "Linux arash-Q504UA 4.4.0-138-generic #164-Ubuntu SMP Tue Oct 2 17:16:02 UTC 2018 x86_64 x86_64 x86_64 GNU/Linux"
| #define _config_date "Sun Nov 18 21:07:50 EST 2018"
| #define _platform "x86_64-unknown-linux-gnu"
| #define HAVE_NAMESPACES /**/
| #define HAVE_EXCEPTIONS /**/
| #define HAVE_RTTI /**/
| #define HAVE_MEMBER_CONSTANTS /**/
| #define HAVE_EXPLICIT /**/
| #define HAVE_MUTABLE /**/
| #define HAVE_TYPENAME /**/
| #define HAVE_NCEG_RESTRICT_EGCS /**/
| #define HAVE_BOOL /**/
| #define HAVE_CONST_CAST /**/
| #define HAVE_STATIC_CAST /**/
| #define HAVE_REINTERPRET_CAST /**/
| #define HAVE_DYNAMIC_CAST /**/
| #define HAVE_TEMPLATES /**/
| #define HAVE_PARTIAL_SPECIALIZATION /**/
| #define HAVE_PARTIAL_ORDERING /**/
| #define HAVE_DEFAULT_TEMPLATE_PARAMETERS /**/
| #define HAVE_MEMBER_TEMPLATES /**/
| #define HAVE_MEMBER_TEMPLATES_OUTSIDE_CLASS /**/
| #define HAVE_FULL_SPECIALIZATION_SYNTAX /**/
| #define HAVE_FUNCTION_NONTYPE_PARAMETERS /**/
| #define HAVE_TEMPLATE_QUALIFIED_BASE_CLASS /**/
| #define HAVE_TEMPLATE_QUALIFIED_RETURN_TYPE /**/
| #define HAVE_EXPLICIT_TEMPLATE_FUNCTION_QUALIFICATION /**/
| #define HAVE_TEMPLATES_AS_TEMPLATE_ARGUMENTS /**/
| #define HAVE_TEMPLATE_KEYWORD_QUALIFIER /**/
| #define HAVE_TEMPLATE_SCOPED_ARGUMENT_MATCHING /**/
| #define HAVE_TYPE_PROMOTION /**/
| #define HAVE_USE_NUMTRAIT /**/
| #define HAVE_ENUM_COMPUTATIONS /**/
| #define HAVE_ENUM_COMPUTATIONS_WITH_CAST /**/
| #define HAVE_COMPLEX /**/
| #define HAVE_COMPLEX_FCNS /**/
| #define HAVE_CSTRING 1
| #define HAVE_NUMERIC_LIMITS /**/
| #define HAVE_CLIMITS /**/
| #define HAVE_VALARRAY /**/
| #define HAVE_COMPLEX_MATH1 /**/
| /* end confdefs.h.  */
| #include <complex>
| #ifdef HAVE_NAMESPACES
| using namespace std;
| #endif
| int
| main ()
| {
| complex<double> x(1.0, 1.0), y(1.0, 1.0);
| acos(x); asin(x); atan(x); atan2(x,y); atan2(x, double(3.0));
| atan2(double(3.0), x); log10(x); return 0;
|   ;
|   return 0;
| }
configure:26315: result: no
configure:26323: checking whether the compiler supports IEEE math library
configure:26370: c++ -o conftest    conftest.cpp  -lm >&5
configure:26370: $? = 0
configure:26386: result: yes
configure:26394: checking whether the compiler supports System V math library
configure:26432: c++ -o conftest    conftest.cpp  -lm >&5
conftest.cpp: In function 'int main()':
conftest.cpp:84:9: error: '_class' was not declared in this scope
 _class(x); trunc(x); finite(x); itrunc(x); nearest(x); rsqrt(x); uitrunc(x);
         ^
conftest.cpp:84:41: error: 'itrunc' was not declared in this scope
 _class(x); trunc(x); finite(x); itrunc(x); nearest(x); rsqrt(x); uitrunc(x);
                                         ^
conftest.cpp:84:53: error: 'nearest' was not declared in this scope
 _class(x); trunc(x); finite(x); itrunc(x); nearest(x); rsqrt(x); uitrunc(x);
                                                     ^
conftest.cpp:84:63: error: 'rsqrt' was not declared in this scope
 _class(x); trunc(x); finite(x); itrunc(x); nearest(x); rsqrt(x); uitrunc(x);
                                                               ^
conftest.cpp:84:75: error: 'uitrunc' was not declared in this scope
 _class(x); trunc(x); finite(x); itrunc(x); nearest(x); rsqrt(x); uitrunc(x);
                                                                           ^
conftest.cpp:85:40: error: 'unordered' was not declared in this scope
 copysign(x,y); drem(x,y); unordered(x,y);
                                        ^
configure:26432: $? = 1
configure: failed program was:
| /* confdefs.h */
| #define PACKAGE_NAME "blitz"
| #define PACKAGE_TARNAME "blitz"
| #define PACKAGE_VERSION "0.10"
| #define PACKAGE_STRING "blitz 0.10"
| #define PACKAGE_BUGREPORT "blitz-support@lists.sourceforge.net"
| #define PACKAGE_URL ""
| #define PACKAGE "blitz"
| #define VERSION "0.10"
| #define STDC_HEADERS 1
| #define HAVE_SYS_TYPES_H 1
| #define HAVE_SYS_STAT_H 1
| #define HAVE_STDLIB_H 1
| #define HAVE_STRING_H 1
| #define HAVE_MEMORY_H 1
| #define HAVE_STRINGS_H 1
| #define HAVE_INTTYPES_H 1
| #define HAVE_STDINT_H 1
| #define HAVE_UNISTD_H 1
| #define HAVE_DLFCN_H 1
| #define LT_OBJDIR ".libs/"
| #define ALIGN_VARIABLE(vartype,varname,alignment) vartype varname;
| #define SIMD_WIDTH 1
| #define _compiler_name "c++"
| #define _compiler_options ""
| #define _os_name "Linux arash-Q504UA 4.4.0-138-generic #164-Ubuntu SMP Tue Oct 2 17:16:02 UTC 2018 x86_64 x86_64 x86_64 GNU/Linux"
| #define _config_date "Sun Nov 18 21:07:50 EST 2018"
| #define _platform "x86_64-unknown-linux-gnu"
| #define HAVE_NAMESPACES /**/
| #define HAVE_EXCEPTIONS /**/
| #define HAVE_RTTI /**/
| #define HAVE_MEMBER_CONSTANTS /**/
| #define HAVE_EXPLICIT /**/
| #define HAVE_MUTABLE /**/
| #define HAVE_TYPENAME /**/
| #define HAVE_NCEG_RESTRICT_EGCS /**/
| #define HAVE_BOOL /**/
| #define HAVE_CONST_CAST /**/
| #define HAVE_STATIC_CAST /**/
| #define HAVE_REINTERPRET_CAST /**/
| #define HAVE_DYNAMIC_CAST /**/
| #define HAVE_TEMPLATES /**/
| #define HAVE_PARTIAL_SPECIALIZATION /**/
| #define HAVE_PARTIAL_ORDERING /**/
| #define HAVE_DEFAULT_TEMPLATE_PARAMETERS /**/
| #define HAVE_MEMBER_TEMPLATES /**/
| #define HAVE_MEMBER_TEMPLATES_OUTSIDE_CLASS /**/
| #define HAVE_FULL_SPECIALIZATION_SYNTAX /**/
| #define HAVE_FUNCTION_NONTYPE_PARAMETERS /**/
| #define HAVE_TEMPLATE_QUALIFIED_BASE_CLASS /**/
| #define HAVE_TEMPLATE_QUALIFIED_RETURN_TYPE /**/
| #define HAVE_EXPLICIT_TEMPLATE_FUNCTION_QUALIFICATION /**/
| #define HAVE_TEMPLATES_AS_TEMPLATE_ARGUMENTS /**/
| #define HAVE_TEMPLATE_KEYWORD_QUALIFIER /**/
| #define HAVE_TEMPLATE_SCOPED_ARGUMENT_MATCHING /**/
| #define HAVE_TYPE_PROMOTION /**/
| #define HAVE_USE_NUMTRAIT /**/
| #define HAVE_ENUM_COMPUTATIONS /**/
| #define HAVE_ENUM_COMPUTATIONS_WITH_CAST /**/
| #define HAVE_COMPLEX /**/
| #define HAVE_COMPLEX_FCNS /**/
| #define HAVE_CSTRING 1
| #define HAVE_NUMERIC_LIMITS /**/
| #define HAVE_CLIMITS /**/
| #define HAVE_VALARRAY /**/
| #define HAVE_COMPLEX_MATH1 /**/
| #define HAVE_IEEE_MATH /**/
| /* end confdefs.h.  */
| 
| #ifndef _ALL_SOURCE
|  #define _ALL_SOURCE
| #endif
| #ifndef _XOPEN_SOURCE
|  #define _XOPEN_SOURCE
| #endif
| #ifndef _XOPEN_SOURCE_EXTENDED
|  #define _XOPEN_SOURCE_EXTENDED 1
| #endif
| #include <math.h>
| int
| main ()
| {
| double x = 1.0; double y = 1.0;
| _class(x); trunc(x); finite(x); itrunc(x); nearest(x); rsqrt(x); uitrunc(x);
| copysign(x,y); drem(x,y); unordered(x,y);
| return 0;
|   ;
|   return 0;
| }
configure:26448: result: no
configure:26456: checking whether the compiler has C math functions in namespace std
configure:26482: c++ -c   conftest.cpp >&5
configure:26482: $? = 0
configure:26496: result: yes
configure:26504: checking whether the compiler has C math abs(integer type) in namespace std
configure:26530: c++ -c   conftest.cpp >&5
configure:26530: $? = 0
configure:26544: result: yes
configure:26552: checking whether complex math functions are in namespace std
configure:26581: c++ -c   conftest.cpp >&5
configure:26581: $? = 0
configure:26595: result: yes
configure:26603: checking whether the compiler has isnan function in namespace std
configure:26629: c++ -c   conftest.cpp >&5
configure:26629: $? = 0
configure:26643: result: yes
configure:26651: checking whether the compiler supports ISO C++ standard library
configure:26681: c++ -c   conftest.cpp >&5
configure:26681: $? = 0
configure:26695: result: yes
configure:26703: checking whether the compiler supports Standard Template Library
configure:26732: c++ -c   conftest.cpp >&5
configure:26732: $? = 0
configure:26746: result: yes
configure:26754: checking whether the compiler has getrusage() function
configure:26778: c++ -c   conftest.cpp >&5
configure:26778: $? = 0
configure:26792: result: yes
configure:26826:

CXX                = c++
CXXFLAGS           = 
CXX_OPTIMIZE_FLAGS = -O3 -funroll-loops -fstrict-aliasing -fomit-frame-pointer -ffast-math
CXX_DEBUG_FLAGS    = -g -DBZ_DEBUG
CXXFFLAGS          = 

F77                = 
FFLAGS             = 
F77_OPTIMIZE_FLAGS = 
FLIBS              = 

FC                 = 
FCFLAGS            = 
FC_OPTIMIZE_FLAGS  = 
FCLIBS             = 

BLASLIB            = 


configure:26862: checking for valgrind
configure:26892: result: no
configure:26920: checking our pkgconfig libname
configure:26928: result: blitz
configure:26931: checking our pkgconfig version
configure:26939: result: 0.10
configure:26942: checking our pkgconfig_libdir
configure:26949: result: ${libdir}/pkgconfig
configure:26952: result: expanded our pkgconfig_libdir... /usr/local/lib/pkgconfig
configure:26956: checking our pkgconfig_libfile
configure:26962: result: blitz.pc
configure:26969: checking our pkgconfig description
configure:26976: result: blitz Library
configure:26979: checking our pkgconfig requires
configure:26984: result: 
configure:26987: checking our pkgconfig ext libs
configure:26994: result: -lblitz
configure:26997: checking our pkgconfig cppflags
configure:27002: result: 
configure:27029: result: noninstalled pkgconfig -L /home/arash/Desktop/portfolio/softwares/ppm3d/ppm/3D-best-python-weighted_leak/ppm3d/blitz/src/.libs
configure:27051: result: noninstalled pkgconfig -I /home/arash/Desktop/portfolio/softwares/ppm3d/ppm/3D-best-python-weighted_leak/ppm3d/blitz/.
configure:27220: creating ./config.status

## ---------------------- ##
## Running config.status. ##
## ---------------------- ##

This file was extended by blitz config.status 0.10, which was
generated by GNU Autoconf 2.68.  Invocation command line was

  CONFIG_FILES    = 
  CONFIG_HEADERS  = 
  CONFIG_LINKS    = 
  CONFIG_COMMANDS = 
  $ ./config.status 

on arash-Q504UA

config.status:1418: creating Makefile
config.status:1418: creating bin/Makefile
config.status:1418: creating blitz/Makefile
config.status:1418: creating blitz/array/Makefile
config.status:1418: creating blitz/generate/Makefile
config.status:1418: creating blitz/meta/Makefile
config.status:1418: creating random/Makefile
config.status:1418: creating lib/Makefile
config.status:1418: creating testsuite/Makefile
config.status:1418: creating examples/Makefile
config.status:1418: creating doc/Makefile
config.status:1418: creating doc/examples/Makefile
config.status:1418: creating doc/stencils/Makefile
config.status:1418: creating doc/doxygen/Makefile
config.status:1418: creating doc/doxygen/Doxyfile
config.status:1418: creating benchmarks/Makefile
config.status:1418: creating benchmarks/plot_benchmarks.m
config.status:1418: creating blitz/config.h
config.status:1647: executing depfiles commands
config.status:1647: executing blitz/gnu/bzconfig.h commands
config.status:2235: creating blitz/gnu/bzconfig.h - prefix BZ for blitz/config.h defines
config.status:1647: executing libtool commands
config.status:1647: executing blitz.pc commands
config.status:4057: creating blitz.pc.in
config.status:4074: creating blitz.pc
config.status:4091: creating blitz-uninstalled.pc
configure:31553:

The configure script has generated makefiles for your platform.
You have several options now:

  make lib              Check the compiler and create libblitz.a
  make check-testsuite  Build and check the testsuite
  make check-examples   Build and check the examples
  make check-benchmarks Build and check the benchmarks (takes a long time)
  make install          Install Blitz++
  make info             Build Blitz++ texinfo documentation
  make ps               Build Blitz++ ps documentation
  make pdf              Build Blitz++ pdf documentation
  make html             Build Blitz++ html documentation
  make install-info     Install Blitz++ texinfo documentation
  make install-ps       Install Blitz++ ps documentation
  make install-pdf      Install Blitz++ pdf documentation
  make install-html     Install Blitz++ html documentation




## ---------------- ##
## Cache variables. ##
## ---------------- ##

ac_cv_build=x86_64-unknown-linux-gnu
ac_cv_c_compiler_gnu=yes
ac_cv_cxx_bool=yes
ac_cv_cxx_compiler_gnu=yes
ac_cv_cxx_complex_math_in_namespace_std=yes
ac_cv_cxx_const_cast=yes
ac_cv_cxx_default_template_parameters=yes
ac_cv_cxx_dynamic_cast=yes
ac_cv_cxx_enum_computations=yes
ac_cv_cxx_enum_computations_with_cast=yes
ac_cv_cxx_exceptions=yes
ac_cv_cxx_explicit=yes
ac_cv_cxx_explicit_template_function_qualification=yes
ac_cv_cxx_full_specialization_syntax=yes
ac_cv_cxx_function_nontype_parameters=yes
ac_cv_cxx_have_climits=yes
ac_cv_cxx_have_complex=yes
ac_cv_cxx_have_complex_fcns=yes
ac_cv_cxx_have_complex_math1=yes
ac_cv_cxx_have_complex_math2=no
ac_cv_cxx_have_ieee_math=yes
ac_cv_cxx_have_numeric_limits=yes
ac_cv_cxx_have_rusage=yes
ac_cv_cxx_have_std=yes
ac_cv_cxx_have_stl=yes
ac_cv_cxx_have_system_v_math=no
ac_cv_cxx_have_valarray=yes
ac_cv_cxx_isnan_std=yes
ac_cv_cxx_mathabsint_std=yes
ac_cv_cxx_mathfn_std=yes
ac_cv_cxx_member_constants=yes
ac_cv_cxx_member_templates=yes
ac_cv_cxx_member_templates_outside_class=yes
ac_cv_cxx_mutable=yes
ac_cv_cxx_namespaces=yes
ac_cv_cxx_nceg_restrict=no
ac_cv_cxx_nceg_restrict_egcs=yes
ac_cv_cxx_old_for_scoping=no
ac_cv_cxx_partial_ordering=yes
ac_cv_cxx_partial_specialization=yes
ac_cv_cxx_reinterpret_cast=yes
ac_cv_cxx_rtti=yes
ac_cv_cxx_static_cast=yes
ac_cv_cxx_template_keyword_qualifier=yes
ac_cv_cxx_template_qualified_base_class=yes
ac_cv_cxx_template_qualified_return_type=yes
ac_cv_cxx_template_scoped_argument_matching=yes
ac_cv_cxx_templates=yes
ac_cv_cxx_templates_as_template_arguments=yes
ac_cv_cxx_type_promotion=yes
ac_cv_cxx_typename=yes
ac_cv_cxx_use_numtrait=yes
ac_cv_env_CCC_set=
ac_cv_env_CCC_value=
ac_cv_env_CC_set=
ac_cv_env_CC_value=
ac_cv_env_CFLAGS_set=
ac_cv_env_CFLAGS_value=
ac_cv_env_COMPILER_SPECIFIC_HEADER_set=
ac_cv_env_COMPILER_SPECIFIC_HEADER_value=
ac_cv_env_CPPFLAGS_set=
ac_cv_env_CPPFLAGS_value=
ac_cv_env_CPP_set=
ac_cv_env_CPP_value=
ac_cv_env_CXXCPP_set=
ac_cv_env_CXXCPP_value=
ac_cv_env_CXXFCFLAG_set=
ac_cv_env_CXXFCFLAG_value=
ac_cv_env_CXXFFLAGS_set=
ac_cv_env_CXXFFLAGS_value=
ac_cv_env_CXXFLAGS_set=
ac_cv_env_CXXFLAGS_value=
ac_cv_env_CXX_DEBUG_FLAGS_set=
ac_cv_env_CXX_DEBUG_FLAGS_value=
ac_cv_env_CXX_OPTIMIZE_FLAGS_set=
ac_cv_env_CXX_OPTIMIZE_FLAGS_value=
ac_cv_env_CXX_set=
ac_cv_env_CXX_value=
ac_cv_env_F77_OPTIMIZE_FLAGS_set=
ac_cv_env_F77_OPTIMIZE_FLAGS_value=
ac_cv_env_F77_set=
ac_cv_env_F77_value=
ac_cv_env_FCFLAGS_set=
ac_cv_env_FCFLAGS_value=
ac_cv_env_FC_OPTIMIZE_FLAGS_set=
ac_cv_env_FC_OPTIMIZE_FLAGS_value=
ac_cv_env_FC_set=
ac_cv_env_FC_value=
ac_cv_env_FFLAGS_set=
ac_cv_env_FFLAGS_value=
ac_cv_env_LDFLAGS_set=
ac_cv_env_LDFLAGS_value=
ac_cv_env_LIBS_set=
ac_cv_env_LIBS_value=
ac_cv_env_build_alias_set=
ac_cv_env_build_alias_value=
ac_cv_env_host_alias_set=
ac_cv_env_host_alias_value=
ac_cv_env_target_alias_set=
ac_cv_env_target_alias_value=
ac_cv_f77_compiler_gnu=no
ac_cv_f77_libs=
ac_cv_fc_compiler_gnu=no
ac_cv_fc_libs=
ac_cv_func_sin=yes
ac_cv_header_cstring=yes
ac_cv_header_dlfcn_h=yes
ac_cv_header_inttypes_h=yes
ac_cv_header_memory_h=yes
ac_cv_header_stdc=yes
ac_cv_header_stdint_h=yes
ac_cv_header_stdlib_h=yes
ac_cv_header_string_h=yes
ac_cv_header_strings_h=yes
ac_cv_header_sys_stat_h=yes
ac_cv_header_sys_types_h=yes
ac_cv_header_unistd_h=yes
ac_cv_host=x86_64-unknown-linux-gnu
ac_cv_lib_blas_DAXPY=no
ac_cv_lib_blas_daxpy=no
ac_cv_lib_blas_daxpy_=no
ac_cv_lib_blas_daxpy__=no
ac_cv_lib_papi_main=no
ac_cv_objext=o
ac_cv_path_EGREP='/bin/grep -E'
ac_cv_path_FGREP='/bin/grep -F'
ac_cv_path_GREP=/bin/grep
ac_cv_path_SED=/bin/sed
ac_cv_path_install='/usr/bin/install -c'
ac_cv_path_mkdir=/bin/mkdir
ac_cv_prog_AWK=gawk
ac_cv_prog_CPP='gcc -E'
ac_cv_prog_CXXCPP='c++ -E'
ac_cv_prog_MAKEINFO='${SHELL} /home/arash/Desktop/portfolio/softwares/ppm3d/ppm/3D-best-python-weighted_leak/ppm3d/blitz/config/missing --run makeinfo'
ac_cv_prog_ac_ct_AR=ar
ac_cv_prog_ac_ct_CC=gcc
ac_cv_prog_ac_ct_CXX=c++
ac_cv_prog_ac_ct_MANIFEST_TOOL=mt
ac_cv_prog_ac_ct_OBJDUMP=objdump
ac_cv_prog_ac_ct_RANLIB=ranlib
ac_cv_prog_ac_ct_STRIP=strip
ac_cv_prog_cc_c89=
ac_cv_prog_cc_g=yes
ac_cv_prog_cxx_g=yes
ac_cv_prog_f77_g=no
ac_cv_prog_fc_g=no
ac_cv_prog_make_make_set=yes
ac_cv_target=x86_64-unknown-linux-gnu
am_cv_CC_dependencies_compiler_type=gcc3
am_cv_CXX_dependencies_compiler_type=gcc3
lt_cv_ar_at_file=@
lt_cv_deplibs_check_method=pass_all
lt_cv_file_magic_cmd='$MAGIC_CMD'
lt_cv_file_magic_test_file=
lt_cv_ld_reload_flag=-r
lt_cv_nm_interface='BSD nm'
lt_cv_objdir=.libs
lt_cv_path_LD=/usr/bin/ld
lt_cv_path_LDCXX='/usr/bin/ld -m elf_x86_64'
lt_cv_path_NM='/usr/bin/nm -B'
lt_cv_path_mainfest_tool=no
lt_cv_prog_compiler_c_o=yes
lt_cv_prog_compiler_c_o_CXX=yes
lt_cv_prog_compiler_pic='-fPIC -DPIC'
lt_cv_prog_compiler_pic_CXX='-fPIC -DPIC'
lt_cv_prog_compiler_pic_works=yes
lt_cv_prog_compiler_pic_works_CXX=yes
lt_cv_prog_compiler_rtti_exceptions=no
lt_cv_prog_compiler_static_works=yes
lt_cv_prog_compiler_static_works_CXX=yes
lt_cv_prog_gnu_ld=yes
lt_cv_prog_gnu_ldcxx=yes
lt_cv_sharedlib_from_linklib_cmd='printf %s\n'
lt_cv_shlibpath_overrides_runpath=no
lt_cv_sys_global_symbol_pipe='sed -n -e '\''s/^.*[	 ]\([ABCDGIRSTW][ABCDGIRSTW]*\)[	 ][	 ]*\([_A-Za-z][_A-Za-z0-9]*\)$/\1 \2 \2/p'\'' | sed '\''/ __gnu_lto/d'\'''
lt_cv_sys_global_symbol_to_c_name_address='sed -n -e '\''s/^: \([^ ]*\)[ ]*$/  {\"\1\", (void *) 0},/p'\'' -e '\''s/^[ABCDGIRSTW]* \([^ ]*\) \([^ ]*\)$/  {"\2", (void *) \&\2},/p'\'''
lt_cv_sys_global_symbol_to_c_name_address_lib_prefix='sed -n -e '\''s/^: \([^ ]*\)[ ]*$/  {\"\1\", (void *) 0},/p'\'' -e '\''s/^[ABCDGIRSTW]* \([^ ]*\) \(lib[^ ]*\)$/  {"\2", (void *) \&\2},/p'\'' -e '\''s/^[ABCDGIRSTW]* \([^ ]*\) \([^ ]*\)$/  {"lib\2", (void *) \&\2},/p'\'''
lt_cv_sys_global_symbol_to_cdecl='sed -n -e '\''s/^T .* \(.*\)$/extern int \1();/p'\'' -e '\''s/^[ABCDGIRSTW]* .* \(.*\)$/extern char \1;/p'\'''
lt_cv_sys_max_cmd_len=1572864
lt_cv_to_host_file_cmd=func_convert_file_noop
lt_cv_to_tool_file_cmd=func_convert_file_noop

## ----------------- ##
## Output variables. ##
## ----------------- ##

ACLOCAL='${SHELL} /home/arash/Desktop/portfolio/softwares/ppm3d/ppm/3D-best-python-weighted_leak/ppm3d/blitz/config/missing --run aclocal-1.11'
AMDEPBACKSLASH='\'
AMDEP_FALSE='#'
AMDEP_TRUE=''
AMTAR='${SHELL} /home/arash/Desktop/portfolio/softwares/ppm3d/ppm/3D-best-python-weighted_leak/ppm3d/blitz/config/missing --run tar'
AR='ar'
AR_FLAGS='-cru'
AUTOCONF='${SHELL} /home/arash/Desktop/portfolio/softwares/ppm3d/ppm/3D-best-python-weighted_leak/ppm3d/blitz/config/missing --run autoconf'
AUTOHEADER='${SHELL} /home/arash/Desktop/portfolio/softwares/ppm3d/ppm/3D-best-python-weighted_leak/ppm3d/blitz/config/missing --run autoheader'
AUTOMAKE='${SHELL} /home/arash/Desktop/portfolio/softwares/ppm3d/ppm/3D-best-python-weighted_leak/ppm3d/blitz/config/missing --run automake-1.11'
AWK='gawk'
BLASLIB=''
BOOST_CPPFLAGS=''
BOOST_LDFLAGS=''
BOOST_SERIALIZATION_LIB=''
CC='gcc'
CCDEPMODE='depmode=gcc3'
CFLAGS='-g -O2'
COMPILER_SPECIFIC_HEADER='gnu/bzconfig.h'
CPP='gcc -E'
CPPFLAGS=''
CXX='c++'
CXXCPP='c++ -E'
CXXDEPMODE='depmode=gcc3'
CXXFCFLAG=''
CXXFFLAGS=''
CXXFLAGS=''
CXX_DEBUG_FLAGS='-g -DBZ_DEBUG'
CXX_LIBS=''
CXX_OPTIMIZE_FLAGS='-O3 -funroll-loops -fstrict-aliasing -fomit-frame-pointer -ffast-math'
CXX_PROFIL_FLAGS='-pg'
CYGPATH_W='echo'
DATE='Sun Nov 18 21:07:50 EST 2018'
DEFS='-DHAVE_CONFIG_H'
DEPDIR='.deps'
DLLTOOL='false'
DOT=''
DOXYGEN=''
DOXYGEN_DOC_FALSE=''
DOXYGEN_DOC_TRUE='#'
DSYMUTIL=''
DUMPBIN=''
ECHO_C=''
ECHO_N='-n'
ECHO_T=''
EGREP='/bin/grep -E'
EXEEXT=''
F77=''
F77_OPTIMIZE_FLAGS=''
F90_COMPILER_FALSE=''
F90_COMPILER_TRUE='#'
FC=''
FCFLAGS=''
FCFLAGS_f90=''
FCLIBS=''
FC_OPTIMIZE_FLAGS=''
FFLAGS=''
FGREP='/bin/grep -F'
FLIBS=''
FORTRAN_ENABLED_FALSE='#'
FORTRAN_ENABLED_TRUE=''
GREP='/bin/grep'
HAVE_VALGRIND_FALSE=''
HAVE_VALGRIND_TRUE='#'
INSTALL_DATA='${INSTALL} -m 644'
INSTALL_PROGRAM='${INSTALL}'
INSTALL_SCRIPT='${INSTALL}'
INSTALL_STRIP_PROGRAM='$(install_sh) -c -s'
LD='/usr/bin/ld -m elf_x86_64'
LDFLAGS=''
LIBOBJS=''
LIBS=''
LIBTOOL='$(SHELL) $(top_builddir)/libtool'
LIPO=''
LN_S='ln -s'
LTLIBOBJS=''
MAINT='#'
MAINTAINER_MODE_FALSE=''
MAINTAINER_MODE_TRUE='#'
MAKEINFO='${SHELL} /home/arash/Desktop/portfolio/softwares/ppm3d/ppm/3D-best-python-weighted_leak/ppm3d/blitz/config/missing --run makeinfo'
MAKEINFO_DOC_FALSE='#'
MAKEINFO_DOC_TRUE=''
MANIFEST_TOOL=':'
MKDIR_P='/bin/mkdir -p'
NM='/usr/bin/nm -B'
NMEDIT=''
OBJDUMP='objdump'
OBJEXT='o'
OS='Linux arash-Q504UA 4.4.0-138-generic #164-Ubuntu SMP Tue Oct 2 17:16:02 UTC 2018 x86_64 x86_64 x86_64 GNU/Linux'
OTOOL64=''
OTOOL=''
PACKAGE='blitz'
PACKAGE_BUGREPORT='blitz-support@lists.sourceforge.net'
PACKAGE_NAME='blitz'
PACKAGE_STRING='blitz 0.10'
PACKAGE_TARNAME='blitz'
PACKAGE_URL=''
PACKAGE_VERSION='0.10'
PATH_SEPARATOR=':'
RANLIB='ranlib'
SED='/bin/sed'
SET_MAKE=''
SHELL='/bin/bash'
STRIP='strip'
TEXI2HTML=''
TEXI2HTML_DOC_FALSE=''
TEXI2HTML_DOC_TRUE='#'
VERSION='0.10'
ac_ct_AR='ar'
ac_ct_CC='gcc'
ac_ct_CXX='c++'
ac_ct_DUMPBIN=''
ac_ct_F77=''
ac_ct_FC=''
am__EXEEXT_FALSE=''
am__EXEEXT_TRUE='#'
am__fastdepCC_FALSE='#'
am__fastdepCC_TRUE=''
am__fastdepCXX_FALSE='#'
am__fastdepCXX_TRUE=''
am__include='include'
am__isrc=''
am__leading_dot='.'
am__quote=''
am__tar='${AMTAR} chof - "$$tardir"'
am__untar='${AMTAR} xf -'
bindir='${exec_prefix}/bin'
build='x86_64-unknown-linux-gnu'
build_alias=''
build_cpu='x86_64'
build_os='linux-gnu'
build_vendor='unknown'
datadir='${datarootdir}'
datarootdir='${prefix}/share'
docdir='${datarootdir}/doc/${PACKAGE_TARNAME}'
dvidir='${docdir}'
enable_dot='no'
enable_html_docs='no'
enable_latex_docs='no'
exec_prefix='${prefix}'
host='x86_64-unknown-linux-gnu'
host_alias=''
host_cpu='x86_64'
host_os='linux-gnu'
host_vendor='unknown'
htmldir='${docdir}'
includedir='${prefix}/include'
infodir='${datarootdir}/info'
install_sh='${SHELL} /home/arash/Desktop/portfolio/softwares/ppm3d/ppm/3D-best-python-weighted_leak/ppm3d/blitz/config/install-sh'
libdir='${exec_prefix}/lib'
libexecdir='${exec_prefix}/libexec'
localedir='${datarootdir}/locale'
localstatedir='${prefix}/var'
mandir='${datarootdir}/man'
mkdir_p='/bin/mkdir -p'
oldincludedir='/usr/include'
pdfdir='${docdir}'
pkgconfig_libdir='${libdir}/pkgconfig'
pkgconfig_libfile='blitz.pc'
prefix='/usr/local'
program_transform_name='s,x,x,'
psdir='${docdir}'
sbindir='${exec_prefix}/sbin'
sharedstatedir='${prefix}/com'
sysconfdir='${prefix}/etc'
target='x86_64-unknown-linux-gnu'
target_alias=''
target_cpu='x86_64'
target_os='linux-gnu'
target_vendor='unknown'
valgrind=''

## ----------- ##
## confdefs.h. ##
## ----------- ##

/* confdefs.h */
#define PACKAGE_NAME "blitz"
#define PACKAGE_TARNAME "blitz"
#define PACKAGE_VERSION "0.10"
#define PACKAGE_STRING "blitz 0.10"
#define PACKAGE_BUGREPORT "blitz-support@lists.sourceforge.net"
#define PACKAGE_URL ""
#define PACKAGE "blitz"
#define VERSION "0.10"
#define STDC_HEADERS 1
#define HAVE_SYS_TYPES_H 1
#define HAVE_SYS_STAT_H 1
#define HAVE_STDLIB_H 1
#define HAVE_STRING_H 1
#define HAVE_MEMORY_H 1
#define HAVE_STRINGS_H 1
#define HAVE_INTTYPES_H 1
#define HAVE_STDINT_H 1
#define HAVE_UNISTD_H 1
#define HAVE_DLFCN_H 1
#define LT_OBJDIR ".libs/"
#define ALIGN_VARIABLE(vartype,varname,alignment) vartype varname;
#define SIMD_WIDTH 1
#define _compiler_name "c++"
#define _compiler_options ""
#define _os_name "Linux arash-Q504UA 4.4.0-138-generic #164-Ubuntu SMP Tue Oct 2 17:16:02 UTC 2018 x86_64 x86_64 x86_64 GNU/Linux"
#define _config_date "Sun Nov 18 21:07:50 EST 2018"
#define _platform "x86_64-unknown-linux-gnu"
#define HAVE_NAMESPACES /**/
#define HAVE_EXCEPTIONS /**/
#define HAVE_RTTI /**/
#define HAVE_MEMBER_CONSTANTS /**/
#define HAVE_EXPLICIT /**/
#define HAVE_MUTABLE /**/
#define HAVE_TYPENAME /**/
#define HAVE_NCEG_RESTRICT_EGCS /**/
#define HAVE_BOOL /**/
#define HAVE_CONST_CAST /**/
#define HAVE_STATIC_CAST /**/
#define HAVE_REINTERPRET_CAST /**/
#define HAVE_DYNAMIC_CAST /**/
#define HAVE_TEMPLATES /**/
#define HAVE_PARTIAL_SPECIALIZATION /**/
#define HAVE_PARTIAL_ORDERING /**/
#define HAVE_DEFAULT_TEMPLATE_PARAMETERS /**/
#define HAVE_MEMBER_TEMPLATES /**/
#define HAVE_MEMBER_TEMPLATES_OUTSIDE_CLASS /**/
#define HAVE_FULL_SPECIALIZATION_SYNTAX /**/
#define HAVE_FUNCTION_NONTYPE_PARAMETERS /**/
#define HAVE_TEMPLATE_QUALIFIED_BASE_CLASS /**/
#define HAVE_TEMPLATE_QUALIFIED_RETURN_TYPE /**/
#define HAVE_EXPLICIT_TEMPLATE_FUNCTION_QUALIFICATION /**/
#define HAVE_TEMPLATES_AS_TEMPLATE_ARGUMENTS /**/
#define HAVE_TEMPLATE_KEYWORD_QUALIFIER /**/
#define HAVE_TEMPLATE_SCOPED_ARGUMENT_MATCHING /**/
#define HAVE_TYPE_PROMOTION /**/
#define HAVE_USE_NUMTRAIT /**/
#define HAVE_ENUM_COMPUTATIONS /**/
#define HAVE_ENUM_COMPUTATIONS_WITH_CAST /**/
#define HAVE_COMPLEX /**/
#define HAVE_COMPLEX_FCNS /**/
#define HAVE_CSTRING 1
#define HAVE_NUMERIC_LIMITS /**/
#define HAVE_CLIMITS /**/
#define HAVE_VALARRAY /**/
#define HAVE_COMPLEX_MATH1 /**/
#define HAVE_IEEE_MATH /**/
#define MATH_FN_IN_NAMESPACE_STD /**/
#define MATH_ABSINT_IN_NAMESPACE_STD /**/
#define HAVE_COMPLEX_MATH_IN_NAMESPACE_STD /**/
#define ISNAN_IN_NAMESPACE_STD /**/
#define HAVE_STD /**/
#define HAVE_STL /**/
#define HAVE_RUSAGE /**/

configure: exit 0
